# JRE version: Java(TM) SE Runtime Environment (17.0.9+11) (build 17.0.9+11-LTS-201)
# Java VM: Java HotSpot(TM) 64-Bit Server VM (17.0.9+11-LTS-201, mixed mode, sharing, tiered, compressed oops, compressed class ptrs, g1 gc, windows-amd64)
GC Precious Log:
 CPUs: 8 total, 8 available
 Memory: 16239M
 Large Page Support: Disabled
 NUMA Support: Disabled
 Compressed Oops: Enabled (Zero based)
 Heap Region Size: 2M
 Heap Min Capacity: 8M
 Heap Initial Capacity: 254M
 Heap Max Capacity: 4060M
 Pre-touch: Disabled
 Parallel Workers: 8
 Concurrent Workers: 2
 Concurrent Refinement Workers: 8
 Periodic GC: Disabled
Heap:
 garbage-first heap   total 96256K, used 71713K [0x0000000702400000, 0x0000000800000000)
  region size 2048K, 17 young (34816K), 1 survivors (2048K)
 Metaspace       used 76038K, committed 76544K, reserved 1179648K
  class space    used 9853K, committed 10112K, reserved 1048576K
GC Heap History (20 events):
Event: 807.066 GC heap before
{Heap before GC invocations=35 (full 1):
 garbage-first heap   total 96256K, used 79880K [0x0000000702400000, 0x0000000800000000)
  region size 2048K, 20 young (40960K), 1 survivors (2048K)
 Metaspace       used 76007K, committed 76544K, reserved 1179648K
  class space    used 9852K, committed 10112K, reserved 1048576K
}
Event: 807.070 GC heap after
{Heap after GC invocations=36 (full 1):
 garbage-first heap   total 96256K, used 40951K [0x0000000702400000, 0x0000000800000000)
  region size 2048K, 1 young (2048K), 1 survivors (2048K)
 Metaspace       used 76007K, committed 76544K, reserved 1179648K
  class space    used 9852K, committed 10112K, reserved 1048576K
}
Event: 809.169 GC heap before
{Heap before GC invocations=36 (full 1):
 garbage-first heap   total 96256K, used 79863K [0x0000000702400000, 0x0000000800000000)
  region size 2048K, 20 young (40960K), 1 survivors (2048K)
 Metaspace       used 76029K, committed 76544K, reserved 1179648K
  class space    used 9852K, committed 10112K, reserved 1048576K
}
Event: 809.172 GC heap after
{Heap after GC invocations=37 (full 1):
 garbage-first heap   total 96256K, used 40977K [0x0000000702400000, 0x0000000800000000)
  region size 2048K, 1 young (2048K), 1 survivors (2048K)
 Metaspace       used 76029K, committed 76544K, reserved 1179648K
  class space    used 9852K, committed 10112K, reserved 1048576K
}
Event: 811.268 GC heap before
{Heap before GC invocations=37 (full 1):
 garbage-first heap   total 96256K, used 79889K [0x0000000702400000, 0x0000000800000000)
  region size 2048K, 20 young (40960K), 1 survivors (2048K)
 Metaspace       used 76030K, committed 76544K, reserved 1179648K
  class space    used 9852K, committed 10112K, reserved 1048576K
}
Event: 811.270 GC heap after
{Heap after GC invocations=38 (full 1):
 garbage-first heap   total 96256K, used 40967K [0x0000000702400000, 0x0000000800000000)
  region size 2048K, 1 young (2048K), 1 survivors (2048K)
 Metaspace       used 76030K, committed 76544K, reserved 1179648K
  class space    used 9852K, committed 10112K, reserved 1048576K
}
Event: 813.259 GC heap before
{Heap before GC invocations=38 (full 1):
 garbage-first heap   total 96256K, used 79879K [0x0000000702400000, 0x0000000800000000)
  region size 2048K, 20 young (40960K), 1 survivors (2048K)
 Metaspace       used 76030K, committed 76544K, reserved 1179648K
  class space    used 9852K, committed 10112K, reserved 1048576K
}
Event: 813.262 GC heap after
{Heap after GC invocations=39 (full 1):
 garbage-first heap   total 96256K, used 40968K [0x0000000702400000, 0x0000000800000000)
  region size 2048K, 1 young (2048K), 1 survivors (2048K)
 Metaspace       used 76030K, committed 76544K, reserved 1179648K
  class space    used 9852K, committed 10112K, reserved 1048576K
}
Event: 815.336 GC heap before
{Heap before GC invocations=39 (full 1):
 garbage-first heap   total 96256K, used 79880K [0x0000000702400000, 0x0000000800000000)
  region size 2048K, 20 young (40960K), 1 survivors (2048K)
 Metaspace       used 76032K, committed 76544K, reserved 1179648K
  class space    used 9852K, committed 10112K, reserved 1048576K
}
Event: 815.338 GC heap after
{Heap after GC invocations=40 (full 1):
 garbage-first heap   total 96256K, used 40985K [0x0000000702400000, 0x0000000800000000)
  region size 2048K, 1 young (2048K), 1 survivors (2048K)
 Metaspace       used 76032K, committed 76544K, reserved 1179648K
  class space    used 9852K, committed 10112K, reserved 1048576K
}
Event: 817.370 GC heap before
{Heap before GC invocations=40 (full 1):
 garbage-first heap   total 96256K, used 79897K [0x0000000702400000, 0x0000000800000000)
  region size 2048K, 20 young (40960K), 1 survivors (2048K)
 Metaspace       used 76032K, committed 76544K, reserved 1179648K
  class space    used 9852K, committed 10112K, reserved 1048576K
}
Event: 817.371 GC heap after
{Heap after GC invocations=41 (full 1):
 garbage-first heap   total 96256K, used 40999K [0x0000000702400000, 0x0000000800000000)
  region size 2048K, 1 young (2048K), 1 survivors (2048K)
 Metaspace       used 76032K, committed 76544K, reserved 1179648K
  class space    used 9852K, committed 10112K, reserved 1048576K
}
Event: 819.302 GC heap before
{Heap before GC invocations=41 (full 1):
 garbage-first heap   total 96256K, used 79911K [0x0000000702400000, 0x0000000800000000)
  region size 2048K, 20 young (40960K), 1 survivors (2048K)
 Metaspace       used 76032K, committed 76544K, reserved 1179648K
  class space    used 9852K, committed 10112K, reserved 1048576K
}
Event: 819.303 GC heap after
{Heap after GC invocations=42 (full 1):
 garbage-first heap   total 96256K, used 40981K [0x0000000702400000, 0x0000000800000000)
  region size 2048K, 1 young (2048K), 1 survivors (2048K)
 Metaspace       used 76032K, committed 76544K, reserved 1179648K
  class space    used 9852K, committed 10112K, reserved 1048576K
}
Event: 821.182 GC heap before
{Heap before GC invocations=42 (full 1):
 garbage-first heap   total 96256K, used 79893K [0x0000000702400000, 0x0000000800000000)
  region size 2048K, 20 young (40960K), 1 survivors (2048K)
 Metaspace       used 76032K, committed 76544K, reserved 1179648K
  class space    used 9852K, committed 10112K, reserved 1048576K
}
Event: 821.183 GC heap after
{Heap after GC invocations=43 (full 1):
 garbage-first heap   total 96256K, used 40984K [0x0000000702400000, 0x0000000800000000)
  region size 2048K, 1 young (2048K), 1 survivors (2048K)
 Metaspace       used 76032K, committed 76544K, reserved 1179648K
  class space    used 9852K, committed 10112K, reserved 1048576K
}
Event: 823.115 GC heap before
{Heap before GC invocations=43 (full 1):
 garbage-first heap   total 96256K, used 79896K [0x0000000702400000, 0x0000000800000000)
  region size 2048K, 20 young (40960K), 1 survivors (2048K)
 Metaspace       used 76036K, committed 76544K, reserved 1179648K
  class space    used 9853K, committed 10112K, reserved 1048576K
}
Event: 823.116 GC heap after
{Heap after GC invocations=44 (full 1):
 garbage-first heap   total 96256K, used 40992K [0x0000000702400000, 0x0000000800000000)
  region size 2048K, 1 young (2048K), 1 survivors (2048K)
 Metaspace       used 76036K, committed 76544K, reserved 1179648K
  class space    used 9853K, committed 10112K, reserved 1048576K
}
Event: 824.893 GC heap before
{Heap before GC invocations=44 (full 1):
 garbage-first heap   total 96256K, used 79904K [0x0000000702400000, 0x0000000800000000)
  region size 2048K, 20 young (40960K), 1 survivors (2048K)
 Metaspace       used 76036K, committed 76544K, reserved 1179648K
  class space    used 9853K, committed 10112K, reserved 1048576K
}
Event: 824.894 GC heap after
{Heap after GC invocations=45 (full 1):
 garbage-first heap   total 96256K, used 40993K [0x0000000702400000, 0x0000000800000000)
  region size 2048K, 1 young (2048K), 1 survivors (2048K)
 Metaspace       used 76036K, committed 76544K, reserved 1179648K
  class space    used 9853K, committed 10112K, reserved 1048576K
}

